AH00112: Warning: DocumentRoot [/var/www/html/mymap/public] does not exist
AH00558: apache2: Could not reliably determine the server's fully qualified domain name, using 172.23.0.3. Set the 'ServerName' directive globally to suppress this message
Cannot load Xdebug - it was already loaded
[Sat Jan 01 01:08:20.865296 2022] [mpm_prefork:notice] [pid 1] AH00163: Apache/2.4.38 (Debian) PHP/8.0.3 configured -- resuming normal operations
[Sat Jan 01 01:08:20.868854 2022] [core:notice] [pid 1] AH00094: Command line: 'apache2 -D FOREGROUND'
[Sat Jan 01 01:37:32.812949 2022] [mpm_prefork:notice] [pid 1] AH00170: caught SIGWINCH, shutting down gracefully
AH00558: apache2: Could not reliably determine the server's fully qualified domain name, using 172.23.0.3. Set the 'ServerName' directive globally to suppress this message
Cannot load Xdebug - it was already loaded
[Sat Jan 01 01:37:39.750414 2022] [mpm_prefork:notice] [pid 1] AH00163: Apache/2.4.38 (Debian) PHP/8.0.3 configured -- resuming normal operations
[Sat Jan 01 01:37:39.751332 2022] [core:notice] [pid 1] AH00094: Command line: 'apache2 -D FOREGROUND'
[Sat Jan 01 01:47:43.457994 2022] [mpm_prefork:notice] [pid 1] AH00170: caught SIGWINCH, shutting down gracefully
AH00558: apache2: Could not reliably determine the server's fully qualified domain name, using 172.18.0.4. Set the 'ServerName' directive globally to suppress this message
Cannot load Xdebug - it was already loaded
[Sat Jan 01 01:47:59.035670 2022] [mpm_prefork:notice] [pid 1] AH00163: Apache/2.4.38 (Debian) PHP/8.0.3 configured -- resuming normal operations
[Sat Jan 01 01:47:59.041460 2022] [core:notice] [pid 1] AH00094: Command line: 'apache2 -D FOREGROUND'
The environment file is invalid!
Failed to parse dotenv file. Encountered an invalid name at [google.client_id'].
The environment file is invalid!
Failed to parse dotenv file. Encountered unexpected whitespace at [> '899799158926-jfqr01aaivnnmkh22ehbbs1c00ala5m6.apps.googleusercontent.com',].
[Sun Jan 02 10:39:22.378730 2022] [mpm_prefork:notice] [pid 1] AH00170: caught SIGWINCH, shutting down gracefully
AH00112: Warning: DocumentRoot [/var/www/html/taste_book/public] does not exist
AH00558: apache2: Could not reliably determine the server's fully qualified domain name, using 172.22.0.4. Set the 'ServerName' directive globally to suppress this message
Cannot load Xdebug - it was already loaded
[Sun Jan 02 10:39:53.965333 2022] [mpm_prefork:notice] [pid 1] AH00163: Apache/2.4.38 (Debian) PHP/8.0.3 configured -- resuming normal operations
[Sun Jan 02 10:39:53.966860 2022] [core:notice] [pid 1] AH00094: Command line: 'apache2 -D FOREGROUND'
[Sun Jan 02 10:42:05.317945 2022] [mpm_prefork:notice] [pid 1] AH00170: caught SIGWINCH, shutting down gracefully
AH00112: Warning: DocumentRoot [/var/www/html/taste_book/public] does not exist
AH00558: apache2: Could not reliably determine the server's fully qualified domain name, using 172.23.0.4. Set the 'ServerName' directive globally to suppress this message
Cannot load Xdebug - it was already loaded
[Sun Jan 02 10:42:52.490352 2022] [mpm_prefork:notice] [pid 1] AH00163: Apache/2.4.38 (Debian) PHP/8.0.3 configured -- resuming normal operations
[Sun Jan 02 10:42:52.492444 2022] [core:notice] [pid 1] AH00094: Command line: 'apache2 -D FOREGROUND'
[Sun Jan 02 10:44:34.540318 2022] [mpm_prefork:notice] [pid 1] AH00170: caught SIGWINCH, shutting down gracefully
AH00112: Warning: DocumentRoot [/var/www/html/taste_book/public] does not exist
AH00558: apache2: Could not reliably determine the server's fully qualified domain name, using 172.26.0.4. Set the 'ServerName' directive globally to suppress this message
Cannot load Xdebug - it was already loaded
[Sun Jan 02 10:44:53.751678 2022] [mpm_prefork:notice] [pid 1] AH00163: Apache/2.4.38 (Debian) PHP/8.0.3 configured -- resuming normal operations
[Sun Jan 02 10:44:53.753491 2022] [core:notice] [pid 1] AH00094: Command line: 'apache2 -D FOREGROUND'
[Sun Jan 02 10:48:37.243623 2022] [mpm_prefork:notice] [pid 1] AH00170: caught SIGWINCH, shutting down gracefully
AH00112: Warning: DocumentRoot [/var/www/html/taste_book/public] does not exist
AH00558: apache2: Could not reliably determine the server's fully qualified domain name, using 172.28.0.4. Set the 'ServerName' directive globally to suppress this message
Cannot load Xdebug - it was already loaded
[Sun Jan 02 10:48:49.066658 2022] [mpm_prefork:notice] [pid 1] AH00163: Apache/2.4.38 (Debian) PHP/8.0.3 configured -- resuming normal operations
[Sun Jan 02 10:48:49.068289 2022] [core:notice] [pid 1] AH00094: Command line: 'apache2 -D FOREGROUND'
[Sun Jan 02 11:03:00.125591 2022] [mpm_prefork:notice] [pid 1] AH00171: Graceful restart requested, doing restart
AH00558: apache2: Could not reliably determine the server's fully qualified domain name, using 172.28.0.4. Set the 'ServerName' directive globally to suppress this message
Cannot load Xdebug - it was already loaded
[Sun Jan 02 11:03:00.479245 2022] [mpm_prefork:notice] [pid 1] AH00163: Apache/2.4.38 (Debian) PHP/8.0.3 configured -- resuming normal operations
[Sun Jan 02 11:03:00.488037 2022] [core:notice] [pid 1] AH00094: Command line: 'apache2 -D FOREGROUND'
AH00558: apache2: Could not reliably determine the server's fully qualified domain name, using 172.18.0.2. Set the 'ServerName' directive globally to suppress this message
Cannot load Xdebug - it was already loaded
[Mon Jan 03 01:30:17.806848 2022] [mpm_prefork:notice] [pid 1] AH00163: Apache/2.4.38 (Debian) PHP/8.0.3 configured -- resuming normal operations
[Mon Jan 03 01:30:17.811991 2022] [core:notice] [pid 1] AH00094: Command line: 'apache2 -D FOREGROUND'
AH00558: apache2: Could not reliably determine the server's fully qualified domain name, using 172.18.0.4. Set the 'ServerName' directive globally to suppress this message
Cannot load Xdebug - it was already loaded
[Tue Jan 04 00:40:08.879874 2022] [mpm_prefork:notice] [pid 1] AH00163: Apache/2.4.38 (Debian) PHP/8.0.3 configured -- resuming normal operations
[Tue Jan 04 00:40:08.996196 2022] [core:notice] [pid 1] AH00094: Command line: 'apache2 -D FOREGROUND'
AH00558: apache2: Could not reliably determine the server's fully qualified domain name, using 172.28.0.4. Set the 'ServerName' directive globally to suppress this message
Cannot load Xdebug - it was already loaded
[Tue Jan 04 13:39:04.926046 2022] [mpm_prefork:notice] [pid 1] AH00163: Apache/2.4.38 (Debian) PHP/8.0.3 configured -- resuming normal operations
[Tue Jan 04 13:39:04.927968 2022] [core:notice] [pid 1] AH00094: Command line: 'apache2 -D FOREGROUND'
AH00558: apache2: Could not reliably determine the server's fully qualified domain name, using 172.18.0.2. Set the 'ServerName' directive globally to suppress this message
Cannot load Xdebug - it was already loaded
[Wed Jan 05 00:55:00.574073 2022] [mpm_prefork:notice] [pid 1] AH00163: Apache/2.4.38 (Debian) PHP/8.0.3 configured -- resuming normal operations
[Wed Jan 05 00:55:00.577545 2022] [core:notice] [pid 1] AH00094: Command line: 'apache2 -D FOREGROUND'
AH00558: apache2: Could not reliably determine the server's fully qualified domain name, using 172.18.0.3. Set the 'ServerName' directive globally to suppress this message
Cannot load Xdebug - it was already loaded
[Thu Jan 06 00:31:22.258125 2022] [mpm_prefork:notice] [pid 1] AH00163: Apache/2.4.38 (Debian) PHP/8.0.3 configured -- resuming normal operations
[Thu Jan 06 00:31:22.261136 2022] [core:notice] [pid 1] AH00094: Command line: 'apache2 -D FOREGROUND'
AH00558: apache2: Could not reliably determine the server's fully qualified domain name, using 172.18.0.2. Set the 'ServerName' directive globally to suppress this message
Cannot load Xdebug - it was already loaded
[Thu Jan 06 09:09:33.294146 2022] [mpm_prefork:notice] [pid 1] AH00163: Apache/2.4.38 (Debian) PHP/8.0.3 configured -- resuming normal operations
[Thu Jan 06 09:09:33.300342 2022] [core:notice] [pid 1] AH00094: Command line: 'apache2 -D FOREGROUND'
AH00558: apache2: Could not reliably determine the server's fully qualified domain name, using 172.18.0.2. Set the 'ServerName' directive globally to suppress this message
Cannot load Xdebug - it was already loaded
[Fri Jan 07 00:25:32.339405 2022] [mpm_prefork:notice] [pid 1] AH00163: Apache/2.4.38 (Debian) PHP/8.0.3 configured -- resuming normal operations
[Fri Jan 07 00:25:32.344944 2022] [core:notice] [pid 1] AH00094: Command line: 'apache2 -D FOREGROUND'
AH00558: apache2: Could not reliably determine the server's fully qualified domain name, using 172.28.0.4. Set the 'ServerName' directive globally to suppress this message
Cannot load Xdebug - it was already loaded
[Fri Jan 07 11:12:03.334681 2022] [mpm_prefork:notice] [pid 1] AH00163: Apache/2.4.38 (Debian) PHP/8.0.3 configured -- resuming normal operations
[Fri Jan 07 11:12:03.336675 2022] [core:notice] [pid 1] AH00094: Command line: 'apache2 -D FOREGROUND'
[Sat Jan 08 06:32:55.168944 2022] [mpm_prefork:notice] [pid 1] AH00170: caught SIGWINCH, shutting down gracefully
AH00112: Warning: DocumentRoot [/var/www/html/blog] does not exist
AH00112: Warning: DocumentRoot [/var/www/html/gooho] does not exist
AH00558: apache2: Could not reliably determine the server's fully qualified domain name, using 172.18.0.2. Set the 'ServerName' directive globally to suppress this message
Cannot load Xdebug - it was already loaded
[Mon Jan 10 01:24:03.847470 2022] [mpm_prefork:notice] [pid 1] AH00163: Apache/2.4.38 (Debian) PHP/8.0.3 configured -- resuming normal operations
[Mon Jan 10 01:24:03.856791 2022] [core:notice] [pid 1] AH00094: Command line: 'apache2 -D FOREGROUND'
AH00112: Warning: DocumentRoot [/var/www/html/blog] does not exist
AH00112: Warning: DocumentRoot [/var/www/html/gooho] does not exist
AH00558: apache2: Could not reliably determine the server's fully qualified domain name, using 172.18.0.4. Set the 'ServerName' directive globally to suppress this message
Cannot load Xdebug - it was already loaded
[Tue Jan 11 00:47:56.167069 2022] [mpm_prefork:notice] [pid 1] AH00163: Apache/2.4.38 (Debian) PHP/8.0.3 configured -- resuming normal operations
[Tue Jan 11 00:47:56.170129 2022] [core:notice] [pid 1] AH00094: Command line: 'apache2 -D FOREGROUND'
AH00112: Warning: DocumentRoot [/var/www/html/blog] does not exist
AH00112: Warning: DocumentRoot [/var/www/html/gooho] does not exist
AH00558: apache2: Could not reliably determine the server's fully qualified domain name, using 172.18.0.3. Set the 'ServerName' directive globally to suppress this message
Cannot load Xdebug - it was already loaded
[Wed Jan 12 00:44:58.922831 2022] [mpm_prefork:notice] [pid 1] AH00163: Apache/2.4.38 (Debian) PHP/8.0.3 configured -- resuming normal operations
[Wed Jan 12 00:44:58.931386 2022] [core:notice] [pid 1] AH00094: Command line: 'apache2 -D FOREGROUND'
AH00112: Warning: DocumentRoot [/var/www/html/blog] does not exist
AH00112: Warning: DocumentRoot [/var/www/html/gooho] does not exist
AH00558: apache2: Could not reliably determine the server's fully qualified domain name, using 172.18.0.4. Set the 'ServerName' directive globally to suppress this message
Cannot load Xdebug - it was already loaded
[Thu Jan 13 00:30:26.262140 2022] [mpm_prefork:notice] [pid 1] AH00163: Apache/2.4.38 (Debian) PHP/8.0.3 configured -- resuming normal operations
[Thu Jan 13 00:30:26.266240 2022] [core:notice] [pid 1] AH00094: Command line: 'apache2 -D FOREGROUND'
